P16 assembler v1.5 (Feb  9 2024)	c:\Users\oleir\Desktop\Coding\Assembly\P16\lab01.lst	Sun Mar 01 16:10:15 2026

Sections
Index   Name            Address   Size
0       .text           0000      0010 16

Symbols
Name                    Type      Value       Section
line#22                 LABEL     000E 14     .text
while                   LABEL     0002 2      .text
while_end               LABEL     000E 14     .text

Code listing
   1           	; -----------------------------------------------------------------------------
   2           	; Ficheiro:  lab01.s
   3           	; Descricao: Codigo de suporte a realizacao da 1a atividade laboratorial de AC.
   4           	; Autor:     Tiago M Dias (tiago.dias@isel.pt)
   5           	; Data:      11-03-2022
   6           	; -----------------------------------------------------------------------------
   7           	
   8           		; r0 guarda o valor da variavel M
   9           		; r1 guarda o valor da variavel m
  10           		; r2 guarda o valor da variavel p
  11           		; r3 e utilizado para guardar valores temporariamente
  12           	
  13 0000 02 60		mov	r2, #0
  14           	while:
  15 0002 03 60		mov	r3, #0
  16 0004 B0 B8		cmp	r3, r1
  17 0006 03 48		bhs	while_end
  18 0008 22 80		add	r2, r2, r0
  19 000A 91 A8		sub	r1, r1, #1
  20 000C FA 5B		b	while
  21           	while_end:
  22 000E FF 5B		b	.
  22           	
