P16 assembler v1.5 (Feb  9 2024)	lab01_opt.lst	Sun Mar 01 16:12:31 2026

Sections
Index   Name            Address   Size
0       .text           0000      0016 22

Symbols
Name                    Type      Value       Section
end_if                  LABEL     0014 20     .text
line#27                 LABEL     0012 18     .text
line#30                 LABEL     0014 20     .text
while                   LABEL     0008 8      .text
while_end               LABEL     0012 18     .text

Code listing
   1           	; -----------------------------------------------------------------------------
   2           	; Ficheiro:  lab01.s
   3           	; Descricao: Codigo de suporte a realizacao da 1a atividade laboratorial de AC.
   4           	; Autor:     Tiago M Dias (tiago.dias@isel.pt)
   5           	; Data:      11-03-2022
   6           	; -----------------------------------------------------------------------------
   7           	
   8           		; r0 guarda o valor da variavel M
   9           		; r1 guarda o valor da variavel m
  10           		; r2 guarda o valor da variavel p
  11           		; r3 e utilizado para guardar valores temporariamente
  12           	
  13 0000 02 60		mov	r2, #0
  14 0002 03 60		mov	r3, #0 
  15           	
  16 0004 30 B8		cmp	r3, r0 ; 0 - M
  17 0006 06 40		beq end_if ; SE r3 == r0
  18           	
  19           	while:
  20           	
  21 0008 B0 B8		cmp	r3, r1
  22 000A 03 48		bhs	while_end ; 0 >= m
  23 000C 22 80		add	r2, r2, r0
  24 000E 91 A8		sub	r1, r1, #1 ; m => contador; m--
  25 0010 FB 5B		b	while
  26           	while_end:
  27 0012 FF 5B		b	.
  28           	
  29           	end_if:
  30 0014 FF 5B		b	.
  30           	
